<?xml version="1.0" encoding="utf-8"?><testsuites name="pytest tests"><testsuite name="pytest" errors="0" failures="0" skipped="0" tests="15" time="4.861" timestamp="2026-04-05T10:54:01.574005+00:00" hostname="agent-env-ae869395-c43e-4cdd-8c8e-d5b6cb52802e"><testcase classname="tests.test_backend_api.TestAuth" name="test_login_success" time="0.391" /><testcase classname="tests.test_backend_api.TestAuth" name="test_login_invalid_credentials" time="0.360" /><testcase classname="tests.test_backend_api.TestAuth" name="test_login_nonexistent_user" time="0.103" /><testcase classname="tests.test_backend_api.TestAuth" name="test_register_new_user" time="0.324" /><testcase classname="tests.test_backend_api.TestAuth" name="test_register_duplicate_email" time="0.114" /><testcase classname="tests.test_backend_api.TestAuth" name="test_auth_me_with_token" time="0.432" /><testcase classname="tests.test_backend_api.TestAuth" name="test_auth_me_without_token" time="0.115" /><testcase classname="tests.test_backend_api.TestSchedule" name="test_get_schedule" time="0.443" /><testcase classname="tests.test_backend_api.TestSchedule" name="test_get_schedule_without_auth" time="0.099" /><testcase classname="tests.test_backend_api.TestSchedule" name="test_toggle_task" time="0.667" /><testcase classname="tests.test_backend_api.TestSchedule" name="test_toggle_task_without_auth" time="0.109" /><testcase classname="tests.test_backend_api.TestHistory" name="test_get_history_current_month" time="0.440" /><testcase classname="tests.test_backend_api.TestHistory" name="test_get_history_specific_month" time="0.417" /><testcase classname="tests.test_backend_api.TestHistory" name="test_get_history_without_auth" time="0.112" /><testcase classname="tests.test_backend_api.TestDataPersistence" name="test_task_toggle_persists" time="0.628" /></testsuite></testsuites>