<?xml version="1.0" encoding="utf-8"?><testsuites name="pytest tests"><testsuite name="pytest" errors="0" failures="0" skipped="0" tests="21" time="7.847" timestamp="2026-04-05T11:48:38.640490+00:00" hostname="agent-env-ae869395-c43e-4cdd-8c8e-d5b6cb52802e"><testcase classname="tests.test_backend_api.TestAuth" name="test_login_success" time="0.479" /><testcase classname="tests.test_backend_api.TestAuth" name="test_login_invalid_credentials" time="0.351" /><testcase classname="tests.test_backend_api.TestAuth" name="test_login_nonexistent_user" time="0.102" /><testcase classname="tests.test_backend_api.TestAuth" name="test_register_new_user" time="0.327" /><testcase classname="tests.test_backend_api.TestAuth" name="test_register_duplicate_email" time="0.097" /><testcase classname="tests.test_backend_api.TestAuth" name="test_auth_me_with_token" time="0.442" /><testcase classname="tests.test_backend_api.TestAuth" name="test_auth_me_without_token" time="0.111" /><testcase classname="tests.test_backend_api.TestSchedule" name="test_get_schedule" time="0.433" /><testcase classname="tests.test_backend_api.TestSchedule" name="test_get_schedule_without_auth" time="0.099" /><testcase classname="tests.test_backend_api.TestSchedule" name="test_toggle_task" time="0.642" /><testcase classname="tests.test_backend_api.TestSchedule" name="test_toggle_task_without_auth" time="0.100" /><testcase classname="tests.test_backend_api.TestHistory" name="test_get_history_current_month" time="0.425" /><testcase classname="tests.test_backend_api.TestHistory" name="test_get_history_specific_month" time="0.431" /><testcase classname="tests.test_backend_api.TestHistory" name="test_get_history_without_auth" time="0.096" /><testcase classname="tests.test_backend_api.TestDataPersistence" name="test_task_toggle_persists" time="0.619" /><testcase classname="tests.test_backend_api.TestV2Features" name="test_set_task_time" time="0.676" /><testcase classname="tests.test_backend_api.TestV2Features" name="test_get_analytics" time="0.431" /><testcase classname="tests.test_backend_api.TestV2Features" name="test_get_analytics_different_periods" time="0.646" /><testcase classname="tests.test_backend_api.TestV2Features" name="test_get_day_detail" time="0.422" /><testcase classname="tests.test_backend_api.TestV2Features" name="test_morning_routine_is_one_block" time="0.420" /><testcase classname="tests.test_backend_api.TestV2Features" name="test_sunday_shows_study_sessions" time="0.427" /></testsuite></testsuites>